<?xml version="1.0" encoding="UTF-8"?>
<testng-results ignored="0" total="6" passed="6" failed="0" skipped="0">
  <reporter-output>
  </reporter-output>
  <suite started-at="2025-06-12T21:46:24 IST" name="Suite" finished-at="2025-06-12T21:46:59 IST" duration-ms="34788">
    <groups>
    </groups>
    <test started-at="2025-06-12T21:46:24 IST" name="Test1" finished-at="2025-06-12T21:46:35 IST" duration-ms="10275">
      <class name="com.saucelab.test.TestClass1">
        <test-method is-config="true" signature="setupLogger()[pri:0, instance:com.saucelab.test.TestClass1@6eda5c9]" started-at="2025-06-12T21:46:24 IST" name="setupLogger" finished-at="2025-06-12T21:46:25 IST" duration-ms="328" status="PASS">
          <reporter-output>
          </reporter-output>
        </test-method> <!-- setupLogger -->
        <test-method is-config="true" signature="setUpEnv(java.lang.String,java.lang.String,java.lang.String)[pri:0, instance:com.saucelab.test.TestClass1@6eda5c9]" started-at="2025-06-12T21:46:25 IST" name="setUpEnv" finished-at="2025-06-12T21:46:25 IST" duration-ms="0" status="PASS">
          <params>
            <param index="0">
              <value>
                <![CDATA[chrome]]>
              </value>
            </param>
            <param index="1">
              <value>
                <![CDATA[windows]]>
              </value>
            </param>
            <param index="2">
              <value>
                <![CDATA[https://www.saucedemo.com/]]>
              </value>
            </param>
          </params>
          <reporter-output>
          </reporter-output>
        </test-method> <!-- setUpEnv -->
        <test-method signature="doLogin(java.util.HashMap)[pri:0, instance:com.saucelab.test.TestClass1@6eda5c9]" started-at="2025-06-12T21:46:25 IST" name="doLogin" data-provider="getData" finished-at="2025-06-12T21:46:31 IST" duration-ms="6484" status="PASS">
          <params>
            <param index="0">
              <value>
                <![CDATA[{runmode=y, password=secret_sauce, test_name=To verify Login feature is working fine, username=standard_user}]]>
              </value>
            </param>
          </params>
          <reporter-output>
          </reporter-output>
        </test-method> <!-- doLogin -->
        <test-method is-config="true" signature="removeLogger()[pri:0, instance:com.saucelab.test.TestClass1@6eda5c9]" started-at="2025-06-12T21:46:31 IST" name="removeLogger" finished-at="2025-06-12T21:46:31 IST" duration-ms="0" status="PASS">
          <reporter-output>
          </reporter-output>
        </test-method> <!-- removeLogger -->
        <test-method signature="doLogin(java.util.HashMap)[pri:0, instance:com.saucelab.test.TestClass1@6eda5c9]" started-at="2025-06-12T21:46:31 IST" name="doLogin" data-provider="getData" finished-at="2025-06-12T21:46:35 IST" duration-ms="3401" status="PASS">
          <params>
            <param index="0">
              <value>
                <![CDATA[{runmode=y, password=secret_sauce, test_name=To verify Login feature is working fine, username=visual_user}]]>
              </value>
            </param>
          </params>
          <reporter-output>
          </reporter-output>
        </test-method> <!-- doLogin -->
        <test-method is-config="true" signature="setUpEnv(java.lang.String,java.lang.String,java.lang.String)[pri:0, instance:com.saucelab.test.TestClass1@6eda5c9]" started-at="2025-06-12T21:46:31 IST" name="setUpEnv" finished-at="2025-06-12T21:46:31 IST" duration-ms="0" status="PASS">
          <params>
            <param index="0">
              <value>
                <![CDATA[chrome]]>
              </value>
            </param>
            <param index="1">
              <value>
                <![CDATA[windows]]>
              </value>
            </param>
            <param index="2">
              <value>
                <![CDATA[https://www.saucedemo.com/]]>
              </value>
            </param>
          </params>
          <reporter-output>
          </reporter-output>
        </test-method> <!-- setUpEnv -->
        <test-method is-config="true" signature="setupLogger()[pri:0, instance:com.saucelab.test.TestClass1@6eda5c9]" started-at="2025-06-12T21:46:31 IST" name="setupLogger" finished-at="2025-06-12T21:46:31 IST" duration-ms="0" status="PASS">
          <reporter-output>
          </reporter-output>
        </test-method> <!-- setupLogger -->
        <test-method is-config="true" signature="removeLogger()[pri:0, instance:com.saucelab.test.TestClass1@6eda5c9]" started-at="2025-06-12T21:46:35 IST" name="removeLogger" finished-at="2025-06-12T21:46:35 IST" duration-ms="0" status="PASS">
          <reporter-output>
          </reporter-output>
        </test-method> <!-- removeLogger -->
      </class> <!-- com.saucelab.test.TestClass1 -->
    </test> <!-- Test1 -->
    <test started-at="2025-06-12T21:46:35 IST" name="Test2" finished-at="2025-06-12T21:46:45 IST" duration-ms="10465">
      <class name="com.saucelab.test.TestClass1">
        <test-method signature="doLogin(java.util.HashMap)[pri:0, instance:com.saucelab.test.TestClass1@16293aa2]" started-at="2025-06-12T21:46:35 IST" name="doLogin" data-provider="getData" finished-at="2025-06-12T21:46:41 IST" duration-ms="5948" status="PASS">
          <params>
            <param index="0">
              <value>
                <![CDATA[{runmode=y, password=secret_sauce, test_name=To verify Login feature is working fine, username=standard_user}]]>
              </value>
            </param>
          </params>
          <reporter-output>
          </reporter-output>
        </test-method> <!-- doLogin -->
        <test-method is-config="true" signature="setupLogger()[pri:0, instance:com.saucelab.test.TestClass1@16293aa2]" started-at="2025-06-12T21:46:35 IST" name="setupLogger" finished-at="2025-06-12T21:46:35 IST" duration-ms="0" status="PASS">
          <reporter-output>
          </reporter-output>
        </test-method> <!-- setupLogger -->
        <test-method is-config="true" signature="setUpEnv(java.lang.String,java.lang.String,java.lang.String)[pri:0, instance:com.saucelab.test.TestClass1@16293aa2]" started-at="2025-06-12T21:46:35 IST" name="setUpEnv" finished-at="2025-06-12T21:46:35 IST" duration-ms="0" status="PASS">
          <params>
            <param index="0">
              <value>
                <![CDATA[edge]]>
              </value>
            </param>
            <param index="1">
              <value>
                <![CDATA[windows]]>
              </value>
            </param>
            <param index="2">
              <value>
                <![CDATA[https://www.saucedemo.com/]]>
              </value>
            </param>
          </params>
          <reporter-output>
          </reporter-output>
        </test-method> <!-- setUpEnv -->
        <test-method is-config="true" signature="removeLogger()[pri:0, instance:com.saucelab.test.TestClass1@16293aa2]" started-at="2025-06-12T21:46:41 IST" name="removeLogger" finished-at="2025-06-12T21:46:41 IST" duration-ms="0" status="PASS">
          <reporter-output>
          </reporter-output>
        </test-method> <!-- removeLogger -->
        <test-method is-config="true" signature="setupLogger()[pri:0, instance:com.saucelab.test.TestClass1@16293aa2]" started-at="2025-06-12T21:46:41 IST" name="setupLogger" finished-at="2025-06-12T21:46:41 IST" duration-ms="1" status="PASS">
          <reporter-output>
          </reporter-output>
        </test-method> <!-- setupLogger -->
        <test-method signature="doLogin(java.util.HashMap)[pri:0, instance:com.saucelab.test.TestClass1@16293aa2]" started-at="2025-06-12T21:46:41 IST" name="doLogin" data-provider="getData" finished-at="2025-06-12T21:46:45 IST" duration-ms="4487" status="PASS">
          <params>
            <param index="0">
              <value>
                <![CDATA[{runmode=y, password=secret_sauce, test_name=To verify Login feature is working fine, username=visual_user}]]>
              </value>
            </param>
          </params>
          <reporter-output>
          </reporter-output>
        </test-method> <!-- doLogin -->
        <test-method is-config="true" signature="setUpEnv(java.lang.String,java.lang.String,java.lang.String)[pri:0, instance:com.saucelab.test.TestClass1@16293aa2]" started-at="2025-06-12T21:46:41 IST" name="setUpEnv" finished-at="2025-06-12T21:46:41 IST" duration-ms="0" status="PASS">
          <params>
            <param index="0">
              <value>
                <![CDATA[edge]]>
              </value>
            </param>
            <param index="1">
              <value>
                <![CDATA[windows]]>
              </value>
            </param>
            <param index="2">
              <value>
                <![CDATA[https://www.saucedemo.com/]]>
              </value>
            </param>
          </params>
          <reporter-output>
          </reporter-output>
        </test-method> <!-- setUpEnv -->
        <test-method is-config="true" signature="removeLogger()[pri:0, instance:com.saucelab.test.TestClass1@16293aa2]" started-at="2025-06-12T21:46:45 IST" name="removeLogger" finished-at="2025-06-12T21:46:45 IST" duration-ms="0" status="PASS">
          <reporter-output>
          </reporter-output>
        </test-method> <!-- removeLogger -->
      </class> <!-- com.saucelab.test.TestClass1 -->
    </test> <!-- Test2 -->
    <test started-at="2025-06-12T21:46:45 IST" name="Test3" finished-at="2025-06-12T21:46:59 IST" duration-ms="13997">
      <class name="com.saucelab.test.TestClass1">
        <test-method is-config="true" signature="initializeExtentReport()[pri:0, instance:com.saucelab.test.TestClass1@72d1ad2e]" started-at="2025-06-12T21:46:24 IST" name="initializeExtentReport" finished-at="2025-06-12T21:46:24 IST" duration-ms="159" status="PASS">
          <reporter-output>
          </reporter-output>
        </test-method> <!-- initializeExtentReport -->
        <test-method signature="doLogin(java.util.HashMap)[pri:0, instance:com.saucelab.test.TestClass1@72d1ad2e]" started-at="2025-06-12T21:46:45 IST" name="doLogin" data-provider="getData" finished-at="2025-06-12T21:46:52 IST" duration-ms="7335" status="PASS">
          <params>
            <param index="0">
              <value>
                <![CDATA[{runmode=y, password=secret_sauce, test_name=To verify Login feature is working fine, username=standard_user}]]>
              </value>
            </param>
          </params>
          <reporter-output>
          </reporter-output>
        </test-method> <!-- doLogin -->
        <test-method is-config="true" signature="setUpEnv(java.lang.String,java.lang.String,java.lang.String)[pri:0, instance:com.saucelab.test.TestClass1@72d1ad2e]" started-at="2025-06-12T21:46:45 IST" name="setUpEnv" finished-at="2025-06-12T21:46:45 IST" duration-ms="0" status="PASS">
          <params>
            <param index="0">
              <value>
                <![CDATA[firefox]]>
              </value>
            </param>
            <param index="1">
              <value>
                <![CDATA[windows]]>
              </value>
            </param>
            <param index="2">
              <value>
                <![CDATA[https://www.saucedemo.com/]]>
              </value>
            </param>
          </params>
          <reporter-output>
          </reporter-output>
        </test-method> <!-- setUpEnv -->
        <test-method is-config="true" signature="setupLogger()[pri:0, instance:com.saucelab.test.TestClass1@72d1ad2e]" started-at="2025-06-12T21:46:45 IST" name="setupLogger" finished-at="2025-06-12T21:46:45 IST" duration-ms="0" status="PASS">
          <reporter-output>
          </reporter-output>
        </test-method> <!-- setupLogger -->
        <test-method is-config="true" signature="removeLogger()[pri:0, instance:com.saucelab.test.TestClass1@72d1ad2e]" started-at="2025-06-12T21:46:52 IST" name="removeLogger" finished-at="2025-06-12T21:46:52 IST" duration-ms="1" status="PASS">
          <reporter-output>
          </reporter-output>
        </test-method> <!-- removeLogger -->
        <test-method signature="doLogin(java.util.HashMap)[pri:0, instance:com.saucelab.test.TestClass1@72d1ad2e]" started-at="2025-06-12T21:46:52 IST" name="doLogin" data-provider="getData" finished-at="2025-06-12T21:46:59 IST" duration-ms="6659" status="PASS">
          <params>
            <param index="0">
              <value>
                <![CDATA[{runmode=y, password=secret_sauce, test_name=To verify Login feature is working fine, username=visual_user}]]>
              </value>
            </param>
          </params>
          <reporter-output>
          </reporter-output>
        </test-method> <!-- doLogin -->
        <test-method is-config="true" signature="setupLogger()[pri:0, instance:com.saucelab.test.TestClass1@72d1ad2e]" started-at="2025-06-12T21:46:52 IST" name="setupLogger" finished-at="2025-06-12T21:46:52 IST" duration-ms="0" status="PASS">
          <reporter-output>
          </reporter-output>
        </test-method> <!-- setupLogger -->
        <test-method is-config="true" signature="setUpEnv(java.lang.String,java.lang.String,java.lang.String)[pri:0, instance:com.saucelab.test.TestClass1@72d1ad2e]" started-at="2025-06-12T21:46:52 IST" name="setUpEnv" finished-at="2025-06-12T21:46:52 IST" duration-ms="0" status="PASS">
          <params>
            <param index="0">
              <value>
                <![CDATA[firefox]]>
              </value>
            </param>
            <param index="1">
              <value>
                <![CDATA[windows]]>
              </value>
            </param>
            <param index="2">
              <value>
                <![CDATA[https://www.saucedemo.com/]]>
              </value>
            </param>
          </params>
          <reporter-output>
          </reporter-output>
        </test-method> <!-- setUpEnv -->
        <test-method is-config="true" signature="removeLogger()[pri:0, instance:com.saucelab.test.TestClass1@72d1ad2e]" started-at="2025-06-12T21:46:59 IST" name="removeLogger" finished-at="2025-06-12T21:46:59 IST" duration-ms="0" status="PASS">
          <reporter-output>
          </reporter-output>
        </test-method> <!-- removeLogger -->
        <test-method is-config="true" signature="flushExtentReport()[pri:0, instance:com.saucelab.test.TestClass1@72d1ad2e]" started-at="2025-06-12T21:46:59 IST" name="flushExtentReport" finished-at="2025-06-12T21:46:59 IST" duration-ms="233" status="PASS">
          <reporter-output>
          </reporter-output>
        </test-method> <!-- flushExtentReport -->
      </class> <!-- com.saucelab.test.TestClass1 -->
    </test> <!-- Test3 -->
  </suite> <!-- Suite -->
</testng-results>
