<?xml version="1.0" encoding="UTF-8"?>
<testsuite xmlns:xsi="http://www.w3.org/2001/XMLSchema-instance" xsi:noNamespaceSchemaLocation="https://maven.apache.org/surefire/maven-surefire-plugin/xsd/surefire-test-report-3.0.xsd" version="3.0" name="TestSuite" time="20.489" tests="7" errors="0" skipped="0" failures="1">
  <properties>
[...]
</properties>
  <testcase name="doLogin[{runmode=y, password=secret_sauce, test_name=To verify Login feature is working fine, username=standard_user}](1)" classname="com.saucelab.test.TestClass1" time="5.526">
    <system-out><![CDATA[com.saucelab.test.TestClass1
com.saucelab.test.TestClass1
com.saucelab.test.TestClass1
>> onTestStart triggered
>> onTestStart triggered
Launching : firefox
Launching  : chrome
>> onTestStart triggered
Launching : edge
onTest success
]]></system-out>
    <system-err><![CDATA[Jun 18, 2025 10:07:52 PM org.openqa.selenium.devtools.CdpVersionFinder findNearestMatch
WARNING: Unable to find an exact match for CDP version 137, returning the closest version; found: 136; Please update to a Selenium version that supports CDP version 137
Jun 18, 2025 10:07:54 PM org.openqa.selenium.devtools.CdpVersionFinder findNearestMatch
WARNING: Unable to find an exact match for CDP version 137, returning the closest version; found: 136; Please update to a Selenium version that supports CDP version 137
]]></system-err>
  </testcase>
  <testcase name="doLogin[{runmode=y, password=secret_sauce, test_name=To verify Login feature is working fine, username=standard_user}](1)" classname="com.saucelab.test.TestClass1" time="0.911">
    <system-out><![CDATA[com.saucelab.test.TestClass1
>> onTestStart triggered
Launching  : chrome
onTest success
]]></system-out>
  </testcase>
  <testcase name="doLogin[{runmode=y, password=secret_sauce, test_name=To verify Login feature is working fine, username=standard_user}](1)" classname="com.saucelab.test.TestClass1" time="0.94">
    <system-out><![CDATA[com.saucelab.test.TestClass1
>> onTestStart triggered
Launching : edge
onTest success
]]></system-out>
    <system-err><![CDATA[Jun 18, 2025 10:07:59 PM org.openqa.selenium.devtools.CdpVersionFinder findNearestMatch
WARNING: Unable to find an exact match for CDP version 137, returning the closest version; found: 136; Please update to a Selenium version that supports CDP version 137
]]></system-err>
  </testcase>
  <testcase name="doLogin[{runmode=y, password=secret_sauce, test_name=To verify Login feature is working fine, username=visual_user}](2)" classname="com.saucelab.test.TestClass1" time="2.207">
    <system-out><![CDATA[onTest success
]]></system-out>
    <system-err><![CDATA[Jun 18, 2025 10:08:01 PM org.openqa.selenium.devtools.CdpVersionFinder findNearestMatch
WARNING: Unable to find an exact match for CDP version 137, returning the closest version; found: 136; Please update to a Selenium version that supports CDP version 137
]]></system-err>
  </testcase>
  <testcase name="doLogin[{runmode=y, password=secret_sauce, test_name=To verify Login feature is working fine, username=visual_user}](2)" classname="com.saucelab.test.TestClass1" time="1.456">
    <system-out><![CDATA[com.saucelab.test.FailedTestClass
>> onTestStart triggered
Launching  : chrome
com.saucelab.test.TestClass1
>> onTestStart triggered
Launching : firefox
onTest success
]]></system-out>
  </testcase>
  <testcase name="doLogin[{runmode=y, password=secret_sauce, test_name=To verify Login feature is working fine, username=visual_user}](2)" classname="com.saucelab.test.TestClass1" time="6.563">
    <system-out><![CDATA[onTest success
]]></system-out>
  </testcase>
  <testcase name="testFail" classname="com.saucelab.test.FailedTestClass" time="2.437">
    <failure message="Deliberate fail" type="java.lang.AssertionError"><![CDATA[java.lang.AssertionError: Deliberate fail
	at org.testng.Assert.fail(Assert.java:110)
	at com.saucelab.test.FailedTestClass.testFail(FailedTestClass.java:21)
	at java.base/jdk.internal.reflect.NativeMethodAccessorImpl.invoke0(Native Method)
	at java.base/jdk.internal.reflect.NativeMethodAccessorImpl.invoke(NativeMethodAccessorImpl.java:77)
	at java.base/jdk.internal.reflect.DelegatingMethodAccessorImpl.invoke(DelegatingMethodAccessorImpl.java:43)
	at java.base/java.lang.reflect.Method.invoke(Method.java:568)
	at org.testng.internal.invokers.MethodInvocationHelper.invokeMethod(MethodInvocationHelper.java:139)
	at org.testng.internal.invokers.TestInvoker.invokeMethod(TestInvoker.java:677)
	at org.testng.internal.invokers.TestInvoker.invokeTestMethod(TestInvoker.java:221)
	at org.testng.internal.invokers.MethodRunner.runInSequence(MethodRunner.java:50)
	at org.testng.internal.invokers.TestInvoker$MethodInvocationAgent.invoke(TestInvoker.java:969)
	at org.testng.internal.invokers.TestInvoker.invokeTestMethods(TestInvoker.java:194)
	at org.testng.internal.invokers.TestMethodWorker.invokeTestMethods(TestMethodWorker.java:148)
	at org.testng.internal.invokers.TestMethodWorker.run(TestMethodWorker.java:128)
	at java.base/java.util.ArrayList.forEach(ArrayList.java:1511)
	at org.testng.TestRunner.privateRun(TestRunner.java:829)
	at org.testng.TestRunner.run(TestRunner.java:602)
	at org.testng.SuiteRunner.runTest(SuiteRunner.java:437)
	at org.testng.SuiteRunner$SuiteWorker.run(SuiteRunner.java:475)
	at org.testng.internal.thread.ThreadUtil.lambda$execute$0(ThreadUtil.java:58)
	at java.base/java.util.concurrent.FutureTask.run(FutureTask.java:264)
	at java.base/java.util.concurrent.ThreadPoolExecutor.runWorker(ThreadPoolExecutor.java:1136)
	at java.base/java.util.concurrent.ThreadPoolExecutor$Worker.run(ThreadPoolExecutor.java:635)
	at java.base/java.lang.Thread.run(Thread.java:842)
]]></failure>
    <system-out><![CDATA[About to fail
Not null
]]></system-out>
    <system-err><![CDATA[Jun 18, 2025 10:08:03 PM org.openqa.selenium.devtools.CdpVersionFinder findNearestMatch
WARNING: Unable to find an exact match for CDP version 137, returning the closest version; found: 136; Please update to a Selenium version that supports CDP version 137
]]></system-err>
  </testcase>
</testsuite>